<?xml version="1.0" encoding="UTF-8" ?>
<testsuite failures="0" time="0.046" errors="1" skipped="0" tests="1" name="org.owasp.esapi.waf.BeanShellTest">
  <properties>
[...]
</properties>
  <testcase time="0.039" classname="org.owasp.esapi.waf.BeanShellTest" name="testRedirectBeanShellRule">
    <error type="java.lang.NullPointerException">java.lang.NullPointerException
	at org.owasp.esapi.waf.ESAPIWebApplicationFirewallFilter.sendRedirect(ESAPIWebApplicationFirewallFilter.java:417)
	at org.owasp.esapi.waf.ESAPIWebApplicationFirewallFilter.doFilter(ESAPIWebApplicationFirewallFilter.java:251)
	at org.owasp.esapi.waf.WAFTestUtility.checkWAFResult(WAFTestUtility.java:50)
	at org.owasp.esapi.waf.WAFTestUtility.createAndExecuteWAFTransaction(WAFTestUtility.java:68)
	at org.owasp.esapi.waf.WAFTestUtility.createAndExecuteWAFTransaction(WAFTestUtility.java:88)
	at org.owasp.esapi.waf.BeanShellTest.testRedirectBeanShellRule(BeanShellTest.java:38)
	at sun.reflect.NativeMethodAccessorImpl.invoke0(Native Method)
	at sun.reflect.NativeMethodAccessorImpl.invoke(Unknown Source)
	at sun.reflect.DelegatingMethodAccessorImpl.invoke(Unknown Source)
	at java.lang.reflect.Method.invoke(Unknown Source)
	at junit.framework.TestCase.runTest(TestCase.java:168)
	at junit.framework.TestCase.runBare(TestCase.java:134)
	at junit.framework.TestResult$1.protect(TestResult.java:110)
	at junit.framework.TestResult.runProtected(TestResult.java:128)
	at junit.framework.TestResult.run(TestResult.java:113)
	at junit.framework.TestCase.run(TestCase.java:124)
	at junit.framework.TestSuite.runTest(TestSuite.java:243)
	at junit.framework.TestSuite.run(TestSuite.java:238)
	at org.junit.internal.runners.JUnit38ClassRunner.run(JUnit38ClassRunner.java:83)
	at org.apache.maven.surefire.junit4.JUnit4TestSet.execute(JUnit4TestSet.java:62)
	at org.apache.maven.surefire.suite.AbstractDirectoryTestSuite.executeTestSet(AbstractDirectoryTestSuite.java:140)
	at org.apache.maven.surefire.suite.AbstractDirectoryTestSuite.execute(AbstractDirectoryTestSuite.java:127)
	at org.apache.maven.surefire.Surefire.run(Surefire.java:177)
	at sun.reflect.NativeMethodAccessorImpl.invoke0(Native Method)
	at sun.reflect.NativeMethodAccessorImpl.invoke(Unknown Source)
	at sun.reflect.DelegatingMethodAccessorImpl.invoke(Unknown Source)
	at java.lang.reflect.Method.invoke(Unknown Source)
	at org.apache.maven.surefire.booter.SurefireBooter.runSuitesInProcess(SurefireBooter.java:338)
	at org.apache.maven.surefire.booter.SurefireBooter.main(SurefireBooter.java:997)
</error>
    <system-out>Attempting to load  via file io.
Found in &apos;org.owasp.esapi.resources&apos; directory: C:\Users\Juan Carlos\Desktop\OWASP\WAF\MyWAF\target\test-classes\.esapi
DEBUG Success &gt;&gt; Using log4j xml configuration file
Attempting to load  via file io.
Found in &apos;org.owasp.esapi.resources&apos; directory: C:\Users\Juan Carlos\Desktop\OWASP\WAF\MyWAF\target\test-classes\.esapi
Attempting to load  via file io.
Found in &apos;org.owasp.esapi.resources&apos; directory: C:\Users\Juan Carlos\Desktop\OWASP\WAF\MyWAF\target\test-classes\.esapi
Attempting to load waf-policies/bean-shell-policy.xml via file io.
Found in &apos;org.owasp.esapi.resources&apos; directory: C:\Users\Juan Carlos\Desktop\OWASP\WAF\MyWAF\target\test-classes\.esapi\waf-policies\bean-shell-policy.xml
DEBUG Success &gt;&gt;In WAF doFilter
DEBUG Success &gt;&gt; Starting stage 1
DEBUG Success &gt;&gt; Applying BEFORE rule:  org.owasp.esapi.waf.rules.BeanShellRule
</system-out>
    <system-err>log4j:WARN Continuable parsing error 46 and column 72
log4j:WARN Element type &quot;loggerFactory&quot; must be declared.
log4j:WARN Continuable parsing error 48 and column 23
log4j:WARN The content of element type &quot;log4j:configuration&quot; must match &quot;(renderer*,appender*,(category|logger)*,root?,categoryFactory?)&quot;.
</system-err>
  </testcase>
</testsuite>